<?xml version="1.0" encoding="UTF-8"?>
<testsuite name="booker.app.app.maroos.controllers.restaurants.RestaurantPutControllerTest" tests="1" skipped="0" failures="0" errors="0" timestamp="2021-07-21T20:09:57" hostname="LANAS-OMEN" time="0.407">
  <properties/>
  <testcase name="create_restaurant()" classname="booker.app.app.maroos.controllers.restaurants.RestaurantPutControllerTest" time="0.407"/>
  <system-out><![CDATA[15:09:53.358 [Test worker] DEBUG org.springframework.test.context.BootstrapUtils - Instantiating CacheAwareContextLoaderDelegate from class [org.springframework.test.context.cache.DefaultCacheAwareContextLoaderDelegate]
15:09:53.372 [Test worker] DEBUG org.springframework.test.context.BootstrapUtils - Instantiating BootstrapContext using constructor [public org.springframework.test.context.support.DefaultBootstrapContext(java.lang.Class,org.springframework.test.context.CacheAwareContextLoaderDelegate)]
15:09:53.384 [Test worker] DEBUG org.springframework.test.context.BootstrapUtils - Instantiating TestContextBootstrapper for test class [booker.app.app.maroos.controllers.restaurants.RestaurantPutControllerTest] from class [org.springframework.boot.test.context.SpringBootTestContextBootstrapper]
15:09:53.392 [Test worker] INFO org.springframework.boot.test.context.SpringBootTestContextBootstrapper - Neither @ContextConfiguration nor @ContextHierarchy found for test class [booker.app.app.maroos.controllers.restaurants.RestaurantPutControllerTest], using SpringBootContextLoader
15:09:53.395 [Test worker] DEBUG org.springframework.test.context.support.AbstractContextLoader - Did not detect default resource location for test class [booker.app.app.maroos.controllers.restaurants.RestaurantPutControllerTest]: class path resource [booker/app/app/maroos/controllers/restaurants/RestaurantPutControllerTest-context.xml] does not exist
15:09:53.395 [Test worker] DEBUG org.springframework.test.context.support.AbstractContextLoader - Did not detect default resource location for test class [booker.app.app.maroos.controllers.restaurants.RestaurantPutControllerTest]: class path resource [booker/app/app/maroos/controllers/restaurants/RestaurantPutControllerTestContext.groovy] does not exist
15:09:53.395 [Test worker] INFO org.springframework.test.context.support.AbstractContextLoader - Could not detect default resource locations for test class [booker.app.app.maroos.controllers.restaurants.RestaurantPutControllerTest]: no resource found for suffixes {-context.xml, Context.groovy}.
15:09:53.396 [Test worker] INFO org.springframework.test.context.support.AnnotationConfigContextLoaderUtils - Could not detect default configuration classes for test class [booker.app.app.maroos.controllers.restaurants.RestaurantPutControllerTest]: RestaurantPutControllerTest does not declare any static, non-private, non-final, nested classes annotated with @Configuration.
15:09:53.435 [Test worker] DEBUG org.springframework.test.context.support.ActiveProfilesUtils - Could not find an 'annotation declaring class' for annotation type [org.springframework.test.context.ActiveProfiles] and class [booker.app.app.maroos.controllers.restaurants.RestaurantPutControllerTest]
15:09:53.487 [Test worker] DEBUG org.springframework.context.annotation.ClassPathScanningCandidateComponentProvider - Identified candidate component class: file [D:\home\Documents\java projects\pet Project\booker-java-DDD\build\classes\java\main\booker\app\app\maroos\MaroosBackendApplication.class]
15:09:53.487 [Test worker] INFO org.springframework.boot.test.context.SpringBootTestContextBootstrapper - Found @SpringBootConfiguration booker.app.app.maroos.MaroosBackendApplication for test class booker.app.app.maroos.controllers.restaurants.RestaurantPutControllerTest
15:09:53.563 [Test worker] DEBUG org.springframework.boot.test.context.SpringBootTestContextBootstrapper - @TestExecutionListeners is not present for class [booker.app.app.maroos.controllers.restaurants.RestaurantPutControllerTest]: using defaults.
15:09:53.563 [Test worker] INFO org.springframework.boot.test.context.SpringBootTestContextBootstrapper - Loaded default TestExecutionListener class names from location [META-INF/spring.factories]: [org.springframework.boot.test.autoconfigure.restdocs.RestDocsTestExecutionListener, org.springframework.boot.test.autoconfigure.web.client.MockRestServiceServerResetTestExecutionListener, org.springframework.boot.test.autoconfigure.web.servlet.MockMvcPrintOnlyOnFailureTestExecutionListener, org.springframework.boot.test.autoconfigure.web.servlet.WebDriverTestExecutionListener, org.springframework.boot.test.mock.mockito.MockitoTestExecutionListener, org.springframework.boot.test.mock.mockito.ResetMocksTestExecutionListener, org.springframework.test.context.web.ServletTestExecutionListener, org.springframework.test.context.support.DirtiesContextBeforeModesTestExecutionListener, org.springframework.test.context.support.DependencyInjectionTestExecutionListener, org.springframework.test.context.support.DirtiesContextTestExecutionListener, org.springframework.test.context.transaction.TransactionalTestExecutionListener, org.springframework.test.context.jdbc.SqlScriptsTestExecutionListener]
15:09:53.574 [Test worker] INFO org.springframework.boot.test.context.SpringBootTestContextBootstrapper - Using TestExecutionListeners: [org.springframework.test.context.web.ServletTestExecutionListener@47355e3, org.springframework.test.context.support.DirtiesContextBeforeModesTestExecutionListener@551c93f6, org.springframework.boot.test.mock.mockito.MockitoTestExecutionListener@690141d6, org.springframework.boot.test.autoconfigure.SpringBootDependencyInjectionTestExecutionListener@322abf86, org.springframework.test.context.support.DirtiesContextTestExecutionListener@2ce8286d, org.springframework.test.context.transaction.TransactionalTestExecutionListener@1d5a8d25, org.springframework.test.context.jdbc.SqlScriptsTestExecutionListener@7eb670a9, org.springframework.boot.test.autoconfigure.restdocs.RestDocsTestExecutionListener@19073676, org.springframework.boot.test.autoconfigure.web.client.MockRestServiceServerResetTestExecutionListener@74c1ce7b, org.springframework.boot.test.autoconfigure.web.servlet.MockMvcPrintOnlyOnFailureTestExecutionListener@3d3b4663, org.springframework.boot.test.autoconfigure.web.servlet.WebDriverTestExecutionListener@70454a55, org.springframework.boot.test.mock.mockito.ResetMocksTestExecutionListener@505176ad]
15:09:53.577 [Test worker] DEBUG org.springframework.test.context.support.AbstractDirtiesContextTestExecutionListener - Before test class: context [DefaultTestContext@587ee6bc testClass = RestaurantPutControllerTest, testInstance = [null], testMethod = [null], testException = [null], mergedContextConfiguration = [WebMergedContextConfiguration@406f5dc4 testClass = RestaurantPutControllerTest, locations = '{}', classes = '{class booker.app.app.maroos.MaroosBackendApplication}', contextInitializerClasses = '[]', activeProfiles = '{}', propertySourceLocations = '{}', propertySourceProperties = '{org.springframework.boot.test.context.SpringBootTestContextBootstrapper=true}', contextCustomizers = set[org.springframework.boot.test.autoconfigure.properties.PropertyMappingContextCustomizer@e7e8512, org.springframework.boot.test.autoconfigure.web.servlet.WebDriverContextCustomizerFactory$Customizer@1fe1fbd1, [ImportsContextCustomizer@7e35ab12 key = [org.springframework.boot.test.autoconfigure.web.servlet.MockMvcAutoConfiguration, org.springframework.boot.test.autoconfigure.web.servlet.MockMvcSecurityAutoConfiguration, org.springframework.boot.test.autoconfigure.web.servlet.MockMvcWebClientAutoConfiguration, org.springframework.boot.test.autoconfigure.web.servlet.MockMvcWebDriverAutoConfiguration]], org.springframework.boot.test.context.filter.ExcludeFilterContextCustomizer@4cea3bb3, org.springframework.boot.test.json.DuplicateJsonObjectContextCustomizerFactory$DuplicateJsonObjectContextCustomizer@21271ca8, org.springframework.boot.test.mock.mockito.MockitoContextCustomizer@0, org.springframework.boot.test.web.client.TestRestTemplateContextCustomizer@7a6850df], resourceBasePath = 'src/main/webapp', contextLoader = 'org.springframework.boot.test.context.SpringBootContextLoader', parent = [null]], attributes = map['org.springframework.test.context.web.ServletTestExecutionListener.activateListener' -> true]], class annotated with @DirtiesContext [false] with mode [null].
15:09:53.596 [Test worker] DEBUG org.springframework.test.context.support.TestPropertySourceUtils - Adding inlined properties to environment: {spring.jmx.enabled=false, org.springframework.boot.test.context.SpringBootTestContextBootstrapper=true, server.port=-1}

  .   ____          _            __ _ _
 /\\ / ___'_ __ _ _(_)_ __  __ _ \ \ \ \
( ( )\___ | '_ | '_| | '_ \/ _` | \ \ \ \
 \\/  ___)| |_)| | | | | || (_| |  ) ) ) )
  '  |____| .__|_| |_|_| |_\__, | / / / /
 =========|_|==============|___/=/_/_/_/
 :: Spring Boot ::        (v2.1.8.RELEASE)

2021-07-21 15:09:53.815  INFO 12256 --- [    Test worker] b.a.a.m.c.r.RestaurantPutControllerTest  : Starting RestaurantPutControllerTest on LANAS-OMEN with PID 12256 (started by esnei in D:\home\Documents\java projects\pet Project\booker-java-DDD)
2021-07-21 15:09:53.817  INFO 12256 --- [    Test worker] b.a.a.m.c.r.RestaurantPutControllerTest  : No active profile set, falling back to default profiles: default
2021-07-21 15:09:54.748  INFO 12256 --- [    Test worker] org.hibernate.Version                    : HHH000412: Hibernate Core {5.3.11.Final}
2021-07-21 15:09:54.750  INFO 12256 --- [    Test worker] org.hibernate.cfg.Environment            : HHH000206: hibernate.properties not found
2021-07-21 15:09:55.506  INFO 12256 --- [    Test worker] o.hibernate.annotations.common.Version   : HCANN000001: Hibernate Commons Annotations {5.0.4.Final}
2021-07-21 15:09:55.965  INFO 12256 --- [    Test worker] org.hibernate.dialect.Dialect            : HHH000400: Using dialect: org.hibernate.dialect.MySQL8Dialect
2021-07-21 15:09:56.824  INFO 12256 --- [    Test worker] o.s.s.concurrent.ThreadPoolTaskExecutor  : Initializing ExecutorService 'applicationTaskExecutor'
2021-07-21 15:09:57.124  INFO 12256 --- [    Test worker] o.s.b.t.m.w.SpringBootMockServletContext : Initializing Spring TestDispatcherServlet ''
2021-07-21 15:09:57.124  INFO 12256 --- [    Test worker] o.s.t.web.servlet.TestDispatcherServlet  : Initializing Servlet ''
2021-07-21 15:09:57.136  INFO 12256 --- [    Test worker] o.s.t.web.servlet.TestDispatcherServlet  : Completed initialization in 12 ms
2021-07-21 15:09:57.157  INFO 12256 --- [    Test worker] b.a.a.m.c.r.RestaurantPutControllerTest  : Started RestaurantPutControllerTest in 3.553 seconds (JVM running for 4.643)
]]></system-out>
  <system-err><![CDATA[]]></system-err>
</testsuite>
