<?xml version="1.0" encoding="UTF-8"?>
<testsuite name="booker.app.app.maroos.controllers.restaurants.RestaurantPutControllerTest" tests="1" skipped="0" failures="0" errors="0" timestamp="2021-07-21T23:21:31" hostname="LANAS-OMEN" time="0.409">
  <properties/>
  <testcase name="create_restaurant()" classname="booker.app.app.maroos.controllers.restaurants.RestaurantPutControllerTest" time="0.409"/>
  <system-out><![CDATA[18:21:27.342 [Test worker] DEBUG org.springframework.test.context.BootstrapUtils - Instantiating CacheAwareContextLoaderDelegate from class [org.springframework.test.context.cache.DefaultCacheAwareContextLoaderDelegate]
18:21:27.354 [Test worker] DEBUG org.springframework.test.context.BootstrapUtils - Instantiating BootstrapContext using constructor [public org.springframework.test.context.support.DefaultBootstrapContext(java.lang.Class,org.springframework.test.context.CacheAwareContextLoaderDelegate)]
18:21:27.368 [Test worker] DEBUG org.springframework.test.context.BootstrapUtils - Instantiating TestContextBootstrapper for test class [booker.app.app.maroos.controllers.restaurants.RestaurantPutControllerTest] from class [org.springframework.boot.test.context.SpringBootTestContextBootstrapper]
18:21:27.377 [Test worker] INFO org.springframework.boot.test.context.SpringBootTestContextBootstrapper - Neither @ContextConfiguration nor @ContextHierarchy found for test class [booker.app.app.maroos.controllers.restaurants.RestaurantPutControllerTest], using SpringBootContextLoader
18:21:27.380 [Test worker] DEBUG org.springframework.test.context.support.AbstractContextLoader - Did not detect default resource location for test class [booker.app.app.maroos.controllers.restaurants.RestaurantPutControllerTest]: class path resource [booker/app/app/maroos/controllers/restaurants/RestaurantPutControllerTest-context.xml] does not exist
18:21:27.380 [Test worker] DEBUG org.springframework.test.context.support.AbstractContextLoader - Did not detect default resource location for test class [booker.app.app.maroos.controllers.restaurants.RestaurantPutControllerTest]: class path resource [booker/app/app/maroos/controllers/restaurants/RestaurantPutControllerTestContext.groovy] does not exist
18:21:27.381 [Test worker] INFO org.springframework.test.context.support.AbstractContextLoader - Could not detect default resource locations for test class [booker.app.app.maroos.controllers.restaurants.RestaurantPutControllerTest]: no resource found for suffixes {-context.xml, Context.groovy}.
18:21:27.381 [Test worker] INFO org.springframework.test.context.support.AnnotationConfigContextLoaderUtils - Could not detect default configuration classes for test class [booker.app.app.maroos.controllers.restaurants.RestaurantPutControllerTest]: RestaurantPutControllerTest does not declare any static, non-private, non-final, nested classes annotated with @Configuration.
18:21:27.420 [Test worker] DEBUG org.springframework.test.context.support.ActiveProfilesUtils - Could not find an 'annotation declaring class' for annotation type [org.springframework.test.context.ActiveProfiles] and class [booker.app.app.maroos.controllers.restaurants.RestaurantPutControllerTest]
18:21:27.473 [Test worker] DEBUG org.springframework.context.annotation.ClassPathScanningCandidateComponentProvider - Identified candidate component class: file [D:\home\Documents\java projects\pet Project\booker-java-DDD\build\classes\java\main\booker\app\app\maroos\MaroosBackendApplication.class]
18:21:27.474 [Test worker] INFO org.springframework.boot.test.context.SpringBootTestContextBootstrapper - Found @SpringBootConfiguration booker.app.app.maroos.MaroosBackendApplication for test class booker.app.app.maroos.controllers.restaurants.RestaurantPutControllerTest
18:21:27.545 [Test worker] DEBUG org.springframework.boot.test.context.SpringBootTestContextBootstrapper - @TestExecutionListeners is not present for class [booker.app.app.maroos.controllers.restaurants.RestaurantPutControllerTest]: using defaults.
18:21:27.545 [Test worker] INFO org.springframework.boot.test.context.SpringBootTestContextBootstrapper - Loaded default TestExecutionListener class names from location [META-INF/spring.factories]: [org.springframework.boot.test.autoconfigure.restdocs.RestDocsTestExecutionListener, org.springframework.boot.test.autoconfigure.web.client.MockRestServiceServerResetTestExecutionListener, org.springframework.boot.test.autoconfigure.web.servlet.MockMvcPrintOnlyOnFailureTestExecutionListener, org.springframework.boot.test.autoconfigure.web.servlet.WebDriverTestExecutionListener, org.springframework.boot.test.mock.mockito.MockitoTestExecutionListener, org.springframework.boot.test.mock.mockito.ResetMocksTestExecutionListener, org.springframework.test.context.web.ServletTestExecutionListener, org.springframework.test.context.support.DirtiesContextBeforeModesTestExecutionListener, org.springframework.test.context.support.DependencyInjectionTestExecutionListener, org.springframework.test.context.support.DirtiesContextTestExecutionListener, org.springframework.test.context.transaction.TransactionalTestExecutionListener, org.springframework.test.context.jdbc.SqlScriptsTestExecutionListener]
18:21:27.556 [Test worker] INFO org.springframework.boot.test.context.SpringBootTestContextBootstrapper - Using TestExecutionListeners: [org.springframework.test.context.web.ServletTestExecutionListener@5914edf9, org.springframework.test.context.support.DirtiesContextBeforeModesTestExecutionListener@4232ac60, org.springframework.boot.test.mock.mockito.MockitoTestExecutionListener@60d699a0, org.springframework.boot.test.autoconfigure.SpringBootDependencyInjectionTestExecutionListener@3b08cc6d, org.springframework.test.context.support.DirtiesContextTestExecutionListener@458d95d0, org.springframework.test.context.transaction.TransactionalTestExecutionListener@128b70ad, org.springframework.test.context.jdbc.SqlScriptsTestExecutionListener@46c4e0c5, org.springframework.boot.test.autoconfigure.restdocs.RestDocsTestExecutionListener@3bd237d4, org.springframework.boot.test.autoconfigure.web.client.MockRestServiceServerResetTestExecutionListener@1258166b, org.springframework.boot.test.autoconfigure.web.servlet.MockMvcPrintOnlyOnFailureTestExecutionListener@5b9f0295, org.springframework.boot.test.autoconfigure.web.servlet.WebDriverTestExecutionListener@3abc13eb, org.springframework.boot.test.mock.mockito.ResetMocksTestExecutionListener@10faefff]
18:21:27.558 [Test worker] DEBUG org.springframework.test.context.support.AbstractDirtiesContextTestExecutionListener - Before test class: context [DefaultTestContext@c8c6c8b testClass = RestaurantPutControllerTest, testInstance = [null], testMethod = [null], testException = [null], mergedContextConfiguration = [WebMergedContextConfiguration@39acba4 testClass = RestaurantPutControllerTest, locations = '{}', classes = '{class booker.app.app.maroos.MaroosBackendApplication}', contextInitializerClasses = '[]', activeProfiles = '{}', propertySourceLocations = '{}', propertySourceProperties = '{org.springframework.boot.test.context.SpringBootTestContextBootstrapper=true}', contextCustomizers = set[org.springframework.boot.test.autoconfigure.properties.PropertyMappingContextCustomizer@e7e8512, org.springframework.boot.test.autoconfigure.web.servlet.WebDriverContextCustomizerFactory$Customizer@2063810f, [ImportsContextCustomizer@77475e25 key = [org.springframework.boot.test.autoconfigure.web.servlet.MockMvcAutoConfiguration, org.springframework.boot.test.autoconfigure.web.servlet.MockMvcSecurityAutoConfiguration, org.springframework.boot.test.autoconfigure.web.servlet.MockMvcWebClientAutoConfiguration, org.springframework.boot.test.autoconfigure.web.servlet.MockMvcWebDriverAutoConfiguration]], org.springframework.boot.test.context.filter.ExcludeFilterContextCustomizer@5ffc744b, org.springframework.boot.test.json.DuplicateJsonObjectContextCustomizerFactory$DuplicateJsonObjectContextCustomizer@2f202fa5, org.springframework.boot.test.mock.mockito.MockitoContextCustomizer@0, org.springframework.boot.test.web.client.TestRestTemplateContextCustomizer@31f6ba60], resourceBasePath = 'src/main/webapp', contextLoader = 'org.springframework.boot.test.context.SpringBootContextLoader', parent = [null]], attributes = map['org.springframework.test.context.web.ServletTestExecutionListener.activateListener' -> true]], class annotated with @DirtiesContext [false] with mode [null].
18:21:27.573 [Test worker] DEBUG org.springframework.test.context.support.TestPropertySourceUtils - Adding inlined properties to environment: {spring.jmx.enabled=false, org.springframework.boot.test.context.SpringBootTestContextBootstrapper=true, server.port=-1}

  .   ____          _            __ _ _
 /\\ / ___'_ __ _ _(_)_ __  __ _ \ \ \ \
( ( )\___ | '_ | '_| | '_ \/ _` | \ \ \ \
 \\/  ___)| |_)| | | | | || (_| |  ) ) ) )
  '  |____| .__|_| |_|_| |_\__, | / / / /
 =========|_|==============|___/=/_/_/_/
 :: Spring Boot ::        (v2.1.8.RELEASE)

2021-07-21 18:21:27.785  INFO 24308 --- [    Test worker] b.a.a.m.c.r.RestaurantPutControllerTest  : Starting RestaurantPutControllerTest on LANAS-OMEN with PID 24308 (started by esnei in D:\home\Documents\java projects\pet Project\booker-java-DDD)
2021-07-21 18:21:27.787  INFO 24308 --- [    Test worker] b.a.a.m.c.r.RestaurantPutControllerTest  : No active profile set, falling back to default profiles: default
2021-07-21 18:21:28.710  INFO 24308 --- [    Test worker] org.hibernate.Version                    : HHH000412: Hibernate Core {5.3.11.Final}
2021-07-21 18:21:28.712  INFO 24308 --- [    Test worker] org.hibernate.cfg.Environment            : HHH000206: hibernate.properties not found
2021-07-21 18:21:29.510  INFO 24308 --- [    Test worker] o.hibernate.annotations.common.Version   : HCANN000001: Hibernate Commons Annotations {5.0.4.Final}
2021-07-21 18:21:29.922  INFO 24308 --- [    Test worker] org.hibernate.dialect.Dialect            : HHH000400: Using dialect: org.hibernate.dialect.MySQL8Dialect
2021-07-21 18:21:30.708  INFO 24308 --- [    Test worker] o.s.s.concurrent.ThreadPoolTaskExecutor  : Initializing ExecutorService 'applicationTaskExecutor'
2021-07-21 18:21:30.988  INFO 24308 --- [    Test worker] o.s.b.t.m.w.SpringBootMockServletContext : Initializing Spring TestDispatcherServlet ''
2021-07-21 18:21:30.988  INFO 24308 --- [    Test worker] o.s.t.web.servlet.TestDispatcherServlet  : Initializing Servlet ''
2021-07-21 18:21:30.998  INFO 24308 --- [    Test worker] o.s.t.web.servlet.TestDispatcherServlet  : Completed initialization in 10 ms
2021-07-21 18:21:31.015  INFO 24308 --- [    Test worker] b.a.a.m.c.r.RestaurantPutControllerTest  : Started RestaurantPutControllerTest in 3.437 seconds (JVM running for 4.499)
]]></system-out>
  <system-err><![CDATA[]]></system-err>
</testsuite>
