<?xml version="1.0" encoding="UTF-8"?>
<testsuite name="booker.app.app.maroos.controllers.restaurants.RestaurantPutControllerTest" tests="1" skipped="0" failures="0" errors="0" timestamp="2021-07-18T22:18:45" hostname="LANAS-OMEN" time="0.43">
  <properties/>
  <testcase name="create_restaurant()" classname="booker.app.app.maroos.controllers.restaurants.RestaurantPutControllerTest" time="0.43"/>
  <system-out><![CDATA[17:18:42.023 [Test worker] DEBUG org.springframework.test.context.BootstrapUtils - Instantiating CacheAwareContextLoaderDelegate from class [org.springframework.test.context.cache.DefaultCacheAwareContextLoaderDelegate]
17:18:42.036 [Test worker] DEBUG org.springframework.test.context.BootstrapUtils - Instantiating BootstrapContext using constructor [public org.springframework.test.context.support.DefaultBootstrapContext(java.lang.Class,org.springframework.test.context.CacheAwareContextLoaderDelegate)]
17:18:42.050 [Test worker] DEBUG org.springframework.test.context.BootstrapUtils - Instantiating TestContextBootstrapper for test class [booker.app.app.maroos.controllers.restaurants.RestaurantPutControllerTest] from class [org.springframework.boot.test.context.SpringBootTestContextBootstrapper]
17:18:42.058 [Test worker] INFO org.springframework.boot.test.context.SpringBootTestContextBootstrapper - Neither @ContextConfiguration nor @ContextHierarchy found for test class [booker.app.app.maroos.controllers.restaurants.RestaurantPutControllerTest], using SpringBootContextLoader
17:18:42.060 [Test worker] DEBUG org.springframework.test.context.support.AbstractContextLoader - Did not detect default resource location for test class [booker.app.app.maroos.controllers.restaurants.RestaurantPutControllerTest]: class path resource [booker/app/app/maroos/controllers/restaurants/RestaurantPutControllerTest-context.xml] does not exist
17:18:42.060 [Test worker] DEBUG org.springframework.test.context.support.AbstractContextLoader - Did not detect default resource location for test class [booker.app.app.maroos.controllers.restaurants.RestaurantPutControllerTest]: class path resource [booker/app/app/maroos/controllers/restaurants/RestaurantPutControllerTestContext.groovy] does not exist
17:18:42.061 [Test worker] INFO org.springframework.test.context.support.AbstractContextLoader - Could not detect default resource locations for test class [booker.app.app.maroos.controllers.restaurants.RestaurantPutControllerTest]: no resource found for suffixes {-context.xml, Context.groovy}.
17:18:42.061 [Test worker] INFO org.springframework.test.context.support.AnnotationConfigContextLoaderUtils - Could not detect default configuration classes for test class [booker.app.app.maroos.controllers.restaurants.RestaurantPutControllerTest]: RestaurantPutControllerTest does not declare any static, non-private, non-final, nested classes annotated with @Configuration.
17:18:42.106 [Test worker] DEBUG org.springframework.test.context.support.ActiveProfilesUtils - Could not find an 'annotation declaring class' for annotation type [org.springframework.test.context.ActiveProfiles] and class [booker.app.app.maroos.controllers.restaurants.RestaurantPutControllerTest]
17:18:42.170 [Test worker] DEBUG org.springframework.context.annotation.ClassPathScanningCandidateComponentProvider - Identified candidate component class: file [D:\home\Documents\java projects\pet Project\booker-java-DDD\build\classes\java\main\booker\app\app\Starter.class]
17:18:42.171 [Test worker] INFO org.springframework.boot.test.context.SpringBootTestContextBootstrapper - Found @SpringBootConfiguration booker.app.app.Starter for test class booker.app.app.maroos.controllers.restaurants.RestaurantPutControllerTest
17:18:42.249 [Test worker] DEBUG org.springframework.boot.test.context.SpringBootTestContextBootstrapper - @TestExecutionListeners is not present for class [booker.app.app.maroos.controllers.restaurants.RestaurantPutControllerTest]: using defaults.
17:18:42.249 [Test worker] INFO org.springframework.boot.test.context.SpringBootTestContextBootstrapper - Loaded default TestExecutionListener class names from location [META-INF/spring.factories]: [org.springframework.boot.test.autoconfigure.restdocs.RestDocsTestExecutionListener, org.springframework.boot.test.autoconfigure.web.client.MockRestServiceServerResetTestExecutionListener, org.springframework.boot.test.autoconfigure.web.servlet.MockMvcPrintOnlyOnFailureTestExecutionListener, org.springframework.boot.test.autoconfigure.web.servlet.WebDriverTestExecutionListener, org.springframework.boot.test.mock.mockito.MockitoTestExecutionListener, org.springframework.boot.test.mock.mockito.ResetMocksTestExecutionListener, org.springframework.test.context.web.ServletTestExecutionListener, org.springframework.test.context.support.DirtiesContextBeforeModesTestExecutionListener, org.springframework.test.context.support.DependencyInjectionTestExecutionListener, org.springframework.test.context.support.DirtiesContextTestExecutionListener, org.springframework.test.context.transaction.TransactionalTestExecutionListener, org.springframework.test.context.jdbc.SqlScriptsTestExecutionListener]
17:18:42.260 [Test worker] INFO org.springframework.boot.test.context.SpringBootTestContextBootstrapper - Using TestExecutionListeners: [org.springframework.test.context.web.ServletTestExecutionListener@408899d6, org.springframework.test.context.support.DirtiesContextBeforeModesTestExecutionListener@49f12964, org.springframework.boot.test.mock.mockito.MockitoTestExecutionListener@28a82372, org.springframework.boot.test.autoconfigure.SpringBootDependencyInjectionTestExecutionListener@63bf5b46, org.springframework.test.context.support.DirtiesContextTestExecutionListener@677d28ce, org.springframework.test.context.transaction.TransactionalTestExecutionListener@2707974c, org.springframework.test.context.jdbc.SqlScriptsTestExecutionListener@4edd836d, org.springframework.boot.test.autoconfigure.restdocs.RestDocsTestExecutionListener@57a1949b, org.springframework.boot.test.autoconfigure.web.client.MockRestServiceServerResetTestExecutionListener@5914edf9, org.springframework.boot.test.autoconfigure.web.servlet.MockMvcPrintOnlyOnFailureTestExecutionListener@4232ac60, org.springframework.boot.test.autoconfigure.web.servlet.WebDriverTestExecutionListener@60d699a0, org.springframework.boot.test.mock.mockito.ResetMocksTestExecutionListener@3b08cc6d]
17:18:42.262 [Test worker] DEBUG org.springframework.test.context.support.AbstractDirtiesContextTestExecutionListener - Before test class: context [DefaultTestContext@a35d024 testClass = RestaurantPutControllerTest, testInstance = [null], testMethod = [null], testException = [null], mergedContextConfiguration = [WebMergedContextConfiguration@73205ab1 testClass = RestaurantPutControllerTest, locations = '{}', classes = '{class booker.app.app.Starter}', contextInitializerClasses = '[]', activeProfiles = '{}', propertySourceLocations = '{}', propertySourceProperties = '{org.springframework.boot.test.context.SpringBootTestContextBootstrapper=true}', contextCustomizers = set[org.springframework.boot.test.autoconfigure.properties.PropertyMappingContextCustomizer@e7e8512, org.springframework.boot.test.autoconfigure.web.servlet.WebDriverContextCustomizerFactory$Customizer@65b64922, [ImportsContextCustomizer@710b2922 key = [org.springframework.boot.test.autoconfigure.web.servlet.MockMvcAutoConfiguration, org.springframework.boot.test.autoconfigure.web.servlet.MockMvcSecurityAutoConfiguration, org.springframework.boot.test.autoconfigure.web.servlet.MockMvcWebClientAutoConfiguration, org.springframework.boot.test.autoconfigure.web.servlet.MockMvcWebDriverAutoConfiguration]], org.springframework.boot.test.context.filter.ExcludeFilterContextCustomizer@1f356041, org.springframework.boot.test.json.DuplicateJsonObjectContextCustomizerFactory$DuplicateJsonObjectContextCustomizer@165fb984, org.springframework.boot.test.mock.mockito.MockitoContextCustomizer@0, org.springframework.boot.test.web.client.TestRestTemplateContextCustomizer@33689fc1], resourceBasePath = 'src/main/webapp', contextLoader = 'org.springframework.boot.test.context.SpringBootContextLoader', parent = [null]], attributes = map['org.springframework.test.context.web.ServletTestExecutionListener.activateListener' -> true]], class annotated with @DirtiesContext [false] with mode [null].
17:18:42.277 [Test worker] DEBUG org.springframework.test.context.support.TestPropertySourceUtils - Adding inlined properties to environment: {spring.jmx.enabled=false, org.springframework.boot.test.context.SpringBootTestContextBootstrapper=true, server.port=-1}

  .   ____          _            __ _ _
 /\\ / ___'_ __ _ _(_)_ __  __ _ \ \ \ \
( ( )\___ | '_ | '_| | '_ \/ _` | \ \ \ \
 \\/  ___)| |_)| | | | | || (_| |  ) ) ) )
  '  |____| .__|_| |_|_| |_\__, | / / / /
 =========|_|==============|___/=/_/_/_/
 :: Spring Boot ::        (v2.1.6.RELEASE)

2021-07-18 17:18:42.477  INFO 11884 --- [    Test worker] b.a.a.m.c.r.RestaurantPutControllerTest  : Starting RestaurantPutControllerTest on LANAS-OMEN with PID 11884 (started by esnei in D:\home\Documents\java projects\pet Project\booker-java-DDD)
2021-07-18 17:18:42.478  INFO 11884 --- [    Test worker] b.a.a.m.c.r.RestaurantPutControllerTest  : No active profile set, falling back to default profiles: default
2021-07-18 17:18:43.439  INFO 11884 --- [    Test worker] org.hibernate.Version                    : HHH000412: Hibernate Core {5.3.10.Final}
2021-07-18 17:18:43.442  INFO 11884 --- [    Test worker] org.hibernate.cfg.Environment            : HHH000206: hibernate.properties not found
2021-07-18 17:18:44.270  INFO 11884 --- [    Test worker] o.hibernate.annotations.common.Version   : HCANN000001: Hibernate Commons Annotations {5.0.4.Final}
2021-07-18 17:18:44.668  INFO 11884 --- [    Test worker] org.hibernate.dialect.Dialect            : HHH000400: Using dialect: org.hibernate.dialect.MySQL8Dialect
2021-07-18 17:18:44.969  INFO 11884 --- [    Test worker] org.hibernate.tuple.PojoInstantiator     : HHH000182: No default (no-argument) constructor for class: booker.app.maroos.restaurants.domain.Restaurant (class must be instantiated by Interceptor)
2021-07-18 17:18:45.510  INFO 11884 --- [    Test worker] o.s.s.concurrent.ThreadPoolTaskExecutor  : Initializing ExecutorService 'applicationTaskExecutor'
2021-07-18 17:18:45.820  INFO 11884 --- [    Test worker] o.s.b.t.m.w.SpringBootMockServletContext : Initializing Spring TestDispatcherServlet ''
2021-07-18 17:18:45.820  INFO 11884 --- [    Test worker] o.s.t.web.servlet.TestDispatcherServlet  : Initializing Servlet ''
2021-07-18 17:18:45.832  INFO 11884 --- [    Test worker] o.s.t.web.servlet.TestDispatcherServlet  : Completed initialization in 12 ms
2021-07-18 17:18:45.853  INFO 11884 --- [    Test worker] b.a.a.m.c.r.RestaurantPutControllerTest  : Started RestaurantPutControllerTest in 3.568 seconds (JVM running for 4.696)
]]></system-out>
  <system-err><![CDATA[]]></system-err>
</testsuite>
